<?xml version="1.0" encoding="UTF-8"?>
<testsuite name="JobTest" tests="1" skipped="0" failures="0" errors="0" timestamp="2023-01-04T00:40:18" hostname="DESKTOP-3T4QTP9" time="3.086">
  <properties/>
  <testcase name="testJobLazy()" classname="JobTest" time="3.086"/>
  <system-out><![CDATA[]]></system-out>
  <system-err><![CDATA[]]></system-err>
</testsuite>
